<?xml version="1.0" encoding="UTF-8"?>
<!-- Generated by org.testng.reporters.JUnitXMLReporter -->
<testsuite hostname="ketoprak-ma.local" name="Test" tests="14" failures="2" timestamp="18 Jun 2015 09:41:47 GMT" time="44.595" errors="0">
  <testcase name="TC_2014Q20007_001_001" time="5.679" classname="com.happyfresh.android.Launch">
    <failure type="org.openqa.selenium.NoSuchElementException" message="An element could not be located on the page using the given search parameters. (WARNING: The server did not provide any stacktrace information)
Command duration or timeout: 5.66 seconds
For documentation on this error, please visit: http://seleniumhq.org/exceptions/no_such_element.html
Build info: version: &amp;apos;2.46.0&amp;apos;, revision: &amp;apos;61506a4624b13675f24581e453592342b7485d71&amp;apos;, time: &amp;apos;2015-06-04 10:22:50&amp;apos;
System info: host: &amp;apos;ketoprak-ma.local&amp;apos;, ip: &amp;apos;10.0.30.28&amp;apos;, os.name: &amp;apos;Mac OS X&amp;apos;, os.arch: &amp;apos;x86_64&amp;apos;, os.version: &amp;apos;10.9.5&amp;apos;, java.version: &amp;apos;1.8.0_25&amp;apos;
Driver info: io.appium.java_client.android.AndroidDriver
Capabilities [{app=/Users/rsavianto/Projects/Makana/android/app/build/outputs/apk/app-staging-debug.apk, appPackage=com.happyfresh.staging, networkConnectionEnabled=true, intentAction=android.intent.action.MAIN, warnings={}, databaseEnabled=false, deviceName=0611baf600732ea3, platform=LINUX, desired={app=/Users/rsavianto/Projects/Makana/android/app/build/outputs/apk/app-staging-debug.apk, appPackage=com.happyfresh.staging, intentAction=android.intent.action.MAIN, platformVersion=4.4, platformName=Android, deviceName=Android}, platformVersion=5.1.1, webStorageEnabled=false, locationContextEnabled=false, browserName=Android, takesScreenshot=true, javascriptEnabled=true, platformName=Android}]
Session ID: a30d6f8e-a05e-4031-b8ed-abeda4397c09
*** Element info: {Using=id, value=com.happyfresh.staging:id/logo}">
      <![CDATA[org.openqa.selenium.NoSuchElementException: An element could not be located on the page using the given search parameters. (WARNING: The server did not provide any stacktrace information)
Command duration or timeout: 5.66 seconds
For documentation on this error, please visit: http://seleniumhq.org/exceptions/no_such_element.html
Build info: version: '2.46.0', revision: '61506a4624b13675f24581e453592342b7485d71', time: '2015-06-04 10:22:50'
System info: host: 'ketoprak-ma.local', ip: '10.0.30.28', os.name: 'Mac OS X', os.arch: 'x86_64', os.version: '10.9.5', java.version: '1.8.0_25'
Driver info: io.appium.java_client.android.AndroidDriver
Capabilities [{app=/Users/rsavianto/Projects/Makana/android/app/build/outputs/apk/app-staging-debug.apk, appPackage=com.happyfresh.staging, networkConnectionEnabled=true, intentAction=android.intent.action.MAIN, warnings={}, databaseEnabled=false, deviceName=0611baf600732ea3, platform=LINUX, desired={app=/Users/rsavianto/Projects/Makana/android/app/build/outputs/apk/app-staging-debug.apk, appPackage=com.happyfresh.staging, intentAction=android.intent.action.MAIN, platformVersion=4.4, platformName=Android, deviceName=Android}, platformVersion=5.1.1, webStorageEnabled=false, locationContextEnabled=false, browserName=Android, takesScreenshot=true, javascriptEnabled=true, platformName=Android}]
Session ID: a30d6f8e-a05e-4031-b8ed-abeda4397c09
*** Element info: {Using=id, value=com.happyfresh.staging:id/logo}
	at org.openqa.selenium.remote.ErrorHandler.createThrowable(ErrorHandler.java:204)
	at org.openqa.selenium.remote.ErrorHandler.throwIfResponseFailed(ErrorHandler.java:156)
	at org.openqa.selenium.remote.RemoteWebDriver.execute(RemoteWebDriver.java:605)
	at io.appium.java_client.AppiumDriver.execute(AppiumDriver.java:180)
	at org.openqa.selenium.remote.RemoteWebDriver.findElement(RemoteWebDriver.java:358)
	at org.openqa.selenium.remote.RemoteWebDriver.findElementById(RemoteWebDriver.java:399)
	at org.openqa.selenium.By$ById.findElement(By.java:215)
	at org.openqa.selenium.remote.RemoteWebDriver.findElement(RemoteWebDriver.java:350)
	at com.happyfresh.android.Launch.TC_2014Q20007_001_001(Launch.java:34)
... Removed 28 stack frames]]>
    </failure>
  </testcase> <!-- TC_2014Q20007_001_001 -->
  <testcase name="TC_2014Q20007_001_002" time="0.174" classname="com.happyfresh.android.Launch"/>
  <testcase name="TC_2014Q20007_001_003" time="1.952" classname="com.happyfresh.android.Launch"/>
  <testcase name="TC_2014Q20007_001_004" time="1.789" classname="com.happyfresh.android.Launch"/>
  <testcase name="TC_2014Q20007_001_005" time="0.697" classname="com.happyfresh.android.Launch"/>
  <testcase name="TC_2014Q20007_001_006" time="1.922" classname="com.happyfresh.android.Launch"/>
  <testcase name="TC_2014Q20007_001_007" time="1.812" classname="com.happyfresh.android.Launch"/>
  <testcase name="TC_2014Q20007_001_008" time="0.672" classname="com.happyfresh.android.Launch"/>
  <testcase name="TC_2014Q20007_001_009" time="0.672" classname="com.happyfresh.android.Launch"/>
  <testcase name="TC_2014Q20007_001_010" time="11.108" classname="com.happyfresh.android.Launch"/>
  <testcase name="TC_2014Q20007_001_012" time="2.336" classname="com.happyfresh.android.Launch"/>
  <testcase name="TC_2014Q20007_001_013" time="1.043" classname="com.happyfresh.android.Launch"/>
  <testcase name="TC_2014Q20007_001_014" time="1.261" classname="com.happyfresh.android.Launch"/>
  <testcase name="TC_2014Q20007_001_015" time="5.299" classname="com.happyfresh.android.Launch">
    <failure type="java.lang.AssertionError" message="Back button on Sign Up page not exist expected [true] but found [false]">
      <![CDATA[java.lang.AssertionError: Back button on Sign Up page not exist expected [true] but found [false]
	at com.happyfresh.android.Launch.TC_2014Q20007_001_015(Launch.java:178)
... Removed 27 stack frames]]>
    </failure>
  </testcase> <!-- TC_2014Q20007_001_015 -->
</testsuite> <!-- Test -->
