<?xml version="1.0" encoding="UTF-8"?>
<!-- Generated by org.testng.reporters.JUnitXMLReporter -->
<testsuite hostname="ketoprak-ma.local" name="Test" tests="14" failures="1" timestamp="18 Jun 2015 10:10:59 GMT" time="53.839" errors="0">
  <testcase name="TC_2014Q20007_001_001" time="4.228" classname="com.happyfresh.android.Launch"/>
  <testcase name="TC_2014Q20007_001_002" time="1.957" classname="com.happyfresh.android.Launch"/>
  <testcase name="TC_2014Q20007_001_003" time="2.084" classname="com.happyfresh.android.Launch"/>
  <testcase name="TC_2014Q20007_001_004" time="1.927" classname="com.happyfresh.android.Launch"/>
  <testcase name="TC_2014Q20007_001_005" time="0.723" classname="com.happyfresh.android.Launch"/>
  <testcase name="TC_2014Q20007_001_006" time="1.858" classname="com.happyfresh.android.Launch"/>
  <testcase name="TC_2014Q20007_001_007" time="1.788" classname="com.happyfresh.android.Launch"/>
  <testcase name="TC_2014Q20007_001_008" time="0.783" classname="com.happyfresh.android.Launch"/>
  <testcase name="TC_2014Q20007_001_009" time="0.715" classname="com.happyfresh.android.Launch"/>
  <testcase name="TC_2014Q20007_001_010" time="10.848" classname="com.happyfresh.android.Launch"/>
  <testcase name="TC_2014Q20007_001_012" time="2.579" classname="com.happyfresh.android.Launch"/>
  <testcase name="TC_2014Q20007_001_013" time="1.021" classname="com.happyfresh.android.Launch"/>
  <testcase name="TC_2014Q20007_001_014" time="1.142" classname="com.happyfresh.android.Launch"/>
  <testcase name="TC_2014Q20007_001_015" time="5.567" classname="com.happyfresh.android.Launch">
    <failure type="java.lang.AssertionError" message="Back button on Sign Up page not exist expected [true] but found [false]">
      <![CDATA[java.lang.AssertionError: Back button on Sign Up page not exist expected [true] but found [false]
	at com.happyfresh.android.Launch.TC_2014Q20007_001_015(Launch.java:178)
... Removed 30 stack frames]]>
    </failure>
  </testcase> <!-- TC_2014Q20007_001_015 -->
</testsuite> <!-- Test -->
