<?xml version="1.0" encoding="UTF-8"?>
<testng-results skipped="0" failed="1" total="14" passed="13">
  <reporter-output>
  </reporter-output>
  <suite name="Suite" duration-ms="53839" started-at="2015-06-18T10:10:05Z" finished-at="2015-06-18T10:10:59Z">
    <groups>
    </groups>
    <test name="Test" duration-ms="53839" started-at="2015-06-18T10:10:05Z" finished-at="2015-06-18T10:10:59Z">
      <class name="com.happyfresh.android.Launch">
        <test-method status="PASS" signature="setUp()[pri:0, instance:com.happyfresh.android.Launch@35f983a6]" name="setUp" is-config="true" duration-ms="15930" started-at="2015-06-18T17:10:05Z" finished-at="2015-06-18T17:10:21Z">
          <reporter-output>
          </reporter-output>
        </test-method> <!-- setUp -->
        <test-method status="PASS" signature="TC_2014Q20007_001_001()[pri:0, instance:com.happyfresh.android.Launch@35f983a6]" name="TC_2014Q20007_001_001" duration-ms="4228" started-at="2015-06-18T17:10:21Z" finished-at="2015-06-18T17:10:26Z">
          <reporter-output>
          </reporter-output>
        </test-method> <!-- TC_2014Q20007_001_001 -->
        <test-method status="PASS" signature="TC_2014Q20007_001_002()[pri:0, instance:com.happyfresh.android.Launch@35f983a6]" name="TC_2014Q20007_001_002" duration-ms="1957" started-at="2015-06-18T17:10:26Z" finished-at="2015-06-18T17:10:28Z">
          <reporter-output>
          </reporter-output>
        </test-method> <!-- TC_2014Q20007_001_002 -->
        <test-method status="PASS" signature="TC_2014Q20007_001_003()[pri:0, instance:com.happyfresh.android.Launch@35f983a6]" name="TC_2014Q20007_001_003" duration-ms="2084" started-at="2015-06-18T17:10:28Z" finished-at="2015-06-18T17:10:30Z">
          <reporter-output>
          </reporter-output>
        </test-method> <!-- TC_2014Q20007_001_003 -->
        <test-method status="PASS" signature="TC_2014Q20007_001_004()[pri:0, instance:com.happyfresh.android.Launch@35f983a6]" name="TC_2014Q20007_001_004" duration-ms="1927" started-at="2015-06-18T17:10:30Z" finished-at="2015-06-18T17:10:32Z">
          <reporter-output>
          </reporter-output>
        </test-method> <!-- TC_2014Q20007_001_004 -->
        <test-method status="PASS" signature="TC_2014Q20007_001_005()[pri:0, instance:com.happyfresh.android.Launch@35f983a6]" name="TC_2014Q20007_001_005" duration-ms="723" started-at="2015-06-18T17:10:32Z" finished-at="2015-06-18T17:10:32Z">
          <reporter-output>
          </reporter-output>
        </test-method> <!-- TC_2014Q20007_001_005 -->
        <test-method status="PASS" signature="TC_2014Q20007_001_006()[pri:0, instance:com.happyfresh.android.Launch@35f983a6]" name="TC_2014Q20007_001_006" duration-ms="1858" started-at="2015-06-18T17:10:32Z" finished-at="2015-06-18T17:10:34Z">
          <reporter-output>
          </reporter-output>
        </test-method> <!-- TC_2014Q20007_001_006 -->
        <test-method status="PASS" signature="TC_2014Q20007_001_007()[pri:0, instance:com.happyfresh.android.Launch@35f983a6]" name="TC_2014Q20007_001_007" duration-ms="1788" started-at="2015-06-18T17:10:34Z" finished-at="2015-06-18T17:10:36Z">
          <reporter-output>
          </reporter-output>
        </test-method> <!-- TC_2014Q20007_001_007 -->
        <test-method status="PASS" signature="TC_2014Q20007_001_008()[pri:0, instance:com.happyfresh.android.Launch@35f983a6]" name="TC_2014Q20007_001_008" duration-ms="783" started-at="2015-06-18T17:10:36Z" finished-at="2015-06-18T17:10:37Z">
          <reporter-output>
          </reporter-output>
        </test-method> <!-- TC_2014Q20007_001_008 -->
        <test-method status="PASS" signature="TC_2014Q20007_001_009()[pri:0, instance:com.happyfresh.android.Launch@35f983a6]" name="TC_2014Q20007_001_009" duration-ms="715" started-at="2015-06-18T17:10:37Z" finished-at="2015-06-18T17:10:37Z">
          <reporter-output>
          </reporter-output>
        </test-method> <!-- TC_2014Q20007_001_009 -->
        <test-method status="PASS" signature="TC_2014Q20007_001_010()[pri:0, instance:com.happyfresh.android.Launch@35f983a6]" name="TC_2014Q20007_001_010" duration-ms="10848" started-at="2015-06-18T17:10:37Z" finished-at="2015-06-18T17:10:48Z">
          <reporter-output>
          </reporter-output>
        </test-method> <!-- TC_2014Q20007_001_010 -->
        <test-method status="PASS" signature="TC_2014Q20007_001_012()[pri:0, instance:com.happyfresh.android.Launch@35f983a6]" name="TC_2014Q20007_001_012" duration-ms="2579" started-at="2015-06-18T17:10:48Z" finished-at="2015-06-18T17:10:51Z">
          <reporter-output>
          </reporter-output>
        </test-method> <!-- TC_2014Q20007_001_012 -->
        <test-method status="PASS" signature="TC_2014Q20007_001_013()[pri:0, instance:com.happyfresh.android.Launch@35f983a6]" name="TC_2014Q20007_001_013" duration-ms="1021" started-at="2015-06-18T17:10:51Z" finished-at="2015-06-18T17:10:52Z">
          <reporter-output>
          </reporter-output>
        </test-method> <!-- TC_2014Q20007_001_013 -->
        <test-method status="PASS" signature="TC_2014Q20007_001_014()[pri:0, instance:com.happyfresh.android.Launch@35f983a6]" name="TC_2014Q20007_001_014" duration-ms="1142" started-at="2015-06-18T17:10:52Z" finished-at="2015-06-18T17:10:53Z">
          <reporter-output>
          </reporter-output>
        </test-method> <!-- TC_2014Q20007_001_014 -->
        <test-method status="FAIL" signature="TC_2014Q20007_001_015()[pri:0, instance:com.happyfresh.android.Launch@35f983a6]" name="TC_2014Q20007_001_015" duration-ms="5567" started-at="2015-06-18T17:10:53Z" finished-at="2015-06-18T17:10:59Z">
          <exception class="java.lang.AssertionError">
            <message>
              <![CDATA[Back button on Sign Up page not exist expected [true] but found [false]]]>
            </message>
            <full-stacktrace>
              <![CDATA[java.lang.AssertionError: Back button on Sign Up page not exist expected [true] but found [false]
	at org.testng.Assert.fail(Assert.java:94)
	at org.testng.Assert.failNotEquals(Assert.java:494)
	at org.testng.Assert.assertTrue(Assert.java:42)
	at com.happyfresh.android.Launch.TC_2014Q20007_001_015(Launch.java:178)
	at sun.reflect.NativeMethodAccessorImpl.invoke0(Native Method)
	at sun.reflect.NativeMethodAccessorImpl.invoke(NativeMethodAccessorImpl.java:62)
	at sun.reflect.DelegatingMethodAccessorImpl.invoke(DelegatingMethodAccessorImpl.java:43)
	at java.lang.reflect.Method.invoke(Method.java:483)
	at org.testng.internal.MethodInvocationHelper.invokeMethod(MethodInvocationHelper.java:84)
	at org.testng.internal.Invoker.invokeMethod(Invoker.java:714)
	at org.testng.internal.Invoker.invokeTestMethod(Invoker.java:901)
	at org.testng.internal.Invoker.invokeTestMethods(Invoker.java:1231)
	at org.testng.internal.TestMethodWorker.invokeTestMethods(TestMethodWorker.java:127)
	at org.testng.internal.TestMethodWorker.run(TestMethodWorker.java:111)
	at org.testng.TestRunner.privateRun(TestRunner.java:767)
	at org.testng.TestRunner.run(TestRunner.java:617)
	at org.testng.SuiteRunner.runTest(SuiteRunner.java:348)
	at org.testng.SuiteRunner.runSequentially(SuiteRunner.java:343)
	at org.testng.SuiteRunner.privateRun(SuiteRunner.java:305)
	at org.testng.SuiteRunner.run(SuiteRunner.java:254)
	at org.testng.SuiteRunnerWorker.runSuite(SuiteRunnerWorker.java:52)
	at org.testng.SuiteRunnerWorker.run(SuiteRunnerWorker.java:86)
	at org.testng.TestNG.runSuitesSequentially(TestNG.java:1224)
	at org.testng.TestNG.runSuitesLocally(TestNG.java:1149)
	at org.testng.TestNG.run(TestNG.java:1057)
	at org.apache.maven.surefire.testng.TestNGExecutor.run(TestNGExecutor.java:293)
	at org.apache.maven.surefire.testng.TestNGXmlTestSuite.execute(TestNGXmlTestSuite.java:84)
	at org.apache.maven.surefire.testng.TestNGProvider.invoke(TestNGProvider.java:91)
	at org.apache.maven.surefire.booter.ForkedBooter.invokeProviderInSameClassLoader(ForkedBooter.java:200)
	at org.apache.maven.surefire.booter.ForkedBooter.runSuitesInProcess(ForkedBooter.java:153)
	at org.apache.maven.surefire.booter.ForkedBooter.main(ForkedBooter.java:103)
]]>
            </full-stacktrace>
          </exception> <!-- java.lang.AssertionError -->
          <reporter-output>
          </reporter-output>
        </test-method> <!-- TC_2014Q20007_001_015 -->
        <test-method status="PASS" signature="tearDown()[pri:0, instance:com.happyfresh.android.Launch@35f983a6]" name="tearDown" is-config="true" duration-ms="674" started-at="2015-06-18T17:10:59Z" finished-at="2015-06-18T17:10:59Z">
          <reporter-output>
          </reporter-output>
        </test-method> <!-- tearDown -->
      </class> <!-- com.happyfresh.android.Launch -->
    </test> <!-- Test -->
  </suite> <!-- Suite -->
</testng-results>
