<?xml version="1.0" encoding="UTF-8"?>
<testsuite name="TestSuite" time="37.219" tests="14" errors="0" skipped="0" failures="1">
  <properties>
[...]
</properties>
  <testcase name="TC_2014Q20007_001_001" classname="com.happyfresh.android.Launch" time="4.228"/>
  <testcase name="TC_2014Q20007_001_002" classname="com.happyfresh.android.Launch" time="1.955"/>
  <testcase name="TC_2014Q20007_001_003" classname="com.happyfresh.android.Launch" time="2.083"/>
  <testcase name="TC_2014Q20007_001_004" classname="com.happyfresh.android.Launch" time="1.927"/>
  <testcase name="TC_2014Q20007_001_005" classname="com.happyfresh.android.Launch" time="0.723"/>
  <testcase name="TC_2014Q20007_001_006" classname="com.happyfresh.android.Launch" time="1.858"/>
  <testcase name="TC_2014Q20007_001_007" classname="com.happyfresh.android.Launch" time="1.788"/>
  <testcase name="TC_2014Q20007_001_008" classname="com.happyfresh.android.Launch" time="0.784"/>
  <testcase name="TC_2014Q20007_001_009" classname="com.happyfresh.android.Launch" time="0.714"/>
  <testcase name="TC_2014Q20007_001_010" classname="com.happyfresh.android.Launch" time="10.847"/>
  <testcase name="TC_2014Q20007_001_012" classname="com.happyfresh.android.Launch" time="2.579"/>
  <testcase name="TC_2014Q20007_001_013" classname="com.happyfresh.android.Launch" time="1.02"/>
  <testcase name="TC_2014Q20007_001_014" classname="com.happyfresh.android.Launch" time="1.142"/>
  <testcase name="TC_2014Q20007_001_015" classname="com.happyfresh.android.Launch" time="5.571">
    <failure message="Back button on Sign Up page not exist expected [true] but found [false]" type="java.lang.AssertionError">java.lang.AssertionError: Back button on Sign Up page not exist expected [true] but found [false]
	at org.testng.Assert.fail(Assert.java:94)
	at org.testng.Assert.failNotEquals(Assert.java:494)
	at org.testng.Assert.assertTrue(Assert.java:42)
	at com.happyfresh.android.Launch.TC_2014Q20007_001_015(Launch.java:178)
</failure>
  </testcase>
</testsuite>